<?xml version="1.0" encoding="UTF-8"?>
<!-- Generated by org.testng.reporters.JUnitReportReporter -->
<testsuite hostname="anankr1" name="appiumFramework.FunctinalTesting" tests="1" failures="0" timestamp="24 Mar 2021 08:51:29 GMT" time="68.810" errors="0">
  <testcase name="test3" time="68.810" classname="appiumFramework.FunctinalTesting"/>
</testsuite> <!-- appiumFramework.FunctinalTesting -->
